<?xml version="1.0" encoding="UTF-8"?>
<!-- Generated by org.testng.reporters.JUnitXMLReporter -->
<testsuite ignored="0" hostname="DESKTOP-CR38URJ" failures="0" tests="4" name="Surefire test" time="43.324" errors="0" timestamp="2024-02-06T19:08:41 IST">
  <testcase classname="com.test.TestCases" name="navigateToProductsPage" time="7.521"/>
  <testcase classname="com.test.TestCases" name="testInteractWithForm" time="5.147"/>
  <testcase classname="com.test.TestCases" name="dynamicElement" time="0.093"/>
  <testcase classname="com.test.TestCases" name="getAllLinksFromProductPage" time="3.769"/>
</testsuite> <!-- Surefire test -->
