<?xml version="1.0" encoding="UTF-8"?>
<!-- Generated by org.testng.reporters.JUnitXMLReporter -->
<testsuite ignored="0" hostname="DESKTOP-CR38URJ" failures="0" tests="4" name="Default test" time="51.235" errors="0" timestamp="2024-02-06T18:48:26 IST">
  <testcase classname="com.test.TestCases" name="navigateToProductsPage" time="5.865"/>
  <testcase classname="com.test.TestCases" name="testInteractWithForm" time="9.055"/>
  <testcase classname="com.test.TestCases" name="DynamicElement" time="0.18"/>
  <testcase classname="com.test.TestCases" name="getAllLinksFromProductPage" time="1.209"/>
</testsuite> <!-- Default test -->
