<?xml version="1.0" encoding="UTF-8"?>
<testsuite xmlns:xsi="http://www.w3.org/2001/XMLSchema-instance" xsi:noNamespaceSchemaLocation="https://maven.apache.org/surefire/maven-surefire-plugin/xsd/surefire-test-report-3.0.xsd" version="3.0" name="com.test.TestCases" time="43.876" tests="4" errors="0" skipped="0" failures="0">
  <properties>
[...]
</properties>
  <testcase name="navigateToProductsPage" classname="com.test.TestCases" time="7.517">
    <system-err><![CDATA[SLF4J: No SLF4J providers were found.
SLF4J: Defaulting to no-operation (NOP) logger implementation
SLF4J: See https://www.slf4j.org/codes.html#noProviders for further details.
Feb 06, 2024 7:07:59 PM org.openqa.selenium.remote.service.DriverService$Builder getLogOutput
INFO: Driver logs no longer sent to console by default; https://www.selenium.dev/documentation/webdriver/drivers/service/#setting-log-output
]]></system-err>
  </testcase>
  <testcase name="testInteractWithForm" classname="com.test.TestCases" time="5.147">
    <system-err><![CDATA[Feb 06, 2024 7:08:16 PM org.openqa.selenium.remote.service.DriverService$Builder getLogOutput
INFO: Driver logs no longer sent to console by default; https://www.selenium.dev/documentation/webdriver/drivers/service/#setting-log-output
]]></system-err>
  </testcase>
  <testcase name="dynamicElement" classname="com.test.TestCases" time="0.095">
    <system-out><![CDATA[Sales: 814.747.5807
saleValue has not been changed
]]></system-out>
    <system-err><![CDATA[Feb 06, 2024 7:08:26 PM org.openqa.selenium.remote.service.DriverService$Builder getLogOutput
INFO: Driver logs no longer sent to console by default; https://www.selenium.dev/documentation/webdriver/drivers/service/#setting-log-output
]]></system-err>
  </testcase>
  <testcase name="getAllLinksFromProductPage" classname="com.test.TestCases" time="3.769">
    <system-out><![CDATA[75
https://www.entrata.com/products/residentpay
https://www.entrata.com/products/residentportal
https://www.entrata.com/products/BI
https://www.entrata.com/products/revenue-management
https://www.entrata.com/products/srm
https://www.entrata.com/products/access-connect
https://www.entrata.com/products/message-center
https://www.entrata.com/products/facility-management
https://www.entrata.com/products/reporting
https://www.entrata.com/products/sitetablet
https://www.entrata.com/products/prospectportal
https://www.entrata.com/products/rent-reporting
https://www.entrata.com/products/renters-insurance
https://www.entrata.com/products/leadmanager
https://www.entrata.com/products/digital-marketing
https://www.entrata.com/products/marketing-strategy
https://www.entrata.com/products/reputationadvisor
https://www.entrata.com/products/resident-services
https://www.entrata.com/products/deposit-alternative
https://www.entrata.com/products/residentverify
https://www.entrata.com/products/preciseID
https://www.entrata.com/products/verification-of-income
https://www.entrata.com/products/leasing-center
https://www.entrata.com/products/general-accounting
https://www.entrata.com/products/budgeting
https://www.entrata.com/products/job-costing
https://www.entrata.com/products/residentutility
https://www.entrata.com/products/utility-expense-management
https://www.entrata.com/products/utility-procurement
https://www.entrata.com/products/sales-tax-audits
https://www.entrata.com/products/sustainable-energy-management
https://www.entrata.com/multifamily
https://www.entrata.com/student
https://www.entrata.com/affordable
https://www.entrata.com/military
https://www.entrata.com/commercial
https://www.entrata.com/products/resident-services
https://www.entrata.com/products/residentpay
https://www.entrata.com/products/residentportal
https://www.entrata.com/products/BI
https://www.entrata.com/products/revenue-management
https://www.entrata.com/products/srm
https://www.entrata.com/products/access-connect
https://www.entrata.com/products/message-center
https://www.entrata.com/products/facility-management
https://www.entrata.com/products/reporting
https://www.entrata.com/products/sitetablet
https://www.entrata.com/products/prospectportal
https://www.entrata.com/products/rent-reporting
https://www.entrata.com/products/renters-insurance
https://www.entrata.com/products/leadmanager
https://www.entrata.com/products/digital-marketing
https://www.entrata.com/products/marketing-strategy
https://www.entrata.com/products/reputationadvisor
https://www.entrata.com/products/resident-services
https://www.entrata.com/products/deposit-alternative
https://www.entrata.com/products/residentverify
https://www.entrata.com/products/preciseID
https://www.entrata.com/products/verification-of-income
https://www.entrata.com/products/leasing-center
https://www.entrata.com/products/general-accounting
https://www.entrata.com/products/budgeting
https://www.entrata.com/products/job-costing
https://www.entrata.com/products/residentutility
https://www.entrata.com/products/utility-expense-management
https://www.entrata.com/products/utility-procurement
https://www.entrata.com/products/sales-tax-audits
https://www.entrata.com/products/sustainable-energy-management
https://www.entrata.com/solutions-overview
https://www.entrata.com/multifamily
https://www.entrata.com/student
https://www.entrata.com/affordable
https://www.entrata.com/military
https://www.entrata.com/commercial
https://www.entrata.com/products/resident-services
]]></system-out>
    <system-err><![CDATA[Feb 06, 2024 7:08:32 PM org.openqa.selenium.remote.service.DriverService$Builder getLogOutput
INFO: Driver logs no longer sent to console by default; https://www.selenium.dev/documentation/webdriver/drivers/service/#setting-log-output
]]></system-err>
  </testcase>
</testsuite>