<?xml version="1.0" encoding="UTF-8"?>
<testng-results ignored="0" total="4" passed="4" failed="0" skipped="0">
  <reporter-output>
  </reporter-output>
  <suite started-at="2024-02-06T18:47:35 IST" name="Default suite" finished-at="2024-02-06T18:48:26 IST" duration-ms="51235">
    <groups>
    </groups>
    <test started-at="2024-02-06T18:47:35 IST" name="Default test" finished-at="2024-02-06T18:48:26 IST" duration-ms="51235">
      <class name="com.test.TestCases">
        <test-method is-config="true" signature="setUp()[pri:0, instance:com.test.TestCases@1aafa419]" started-at="2024-02-06T18:47:35 IST" name="setUp" finished-at="2024-02-06T18:47:40 IST" duration-ms="5903" status="PASS">
          <reporter-output>
          </reporter-output>
        </test-method> <!-- setUp -->
        <test-method signature="navigateToProductsPage()[pri:0, instance:com.test.TestCases@1aafa419]" started-at="2024-02-06T18:47:40 IST" name="navigateToProductsPage" finished-at="2024-02-06T18:47:46 IST" duration-ms="5865" status="PASS">
          <reporter-output>
          </reporter-output>
        </test-method> <!-- navigateToProductsPage -->
        <test-method is-config="true" signature="tearDown()[pri:0, instance:com.test.TestCases@1aafa419]" started-at="2024-02-06T18:47:46 IST" name="tearDown" finished-at="2024-02-06T18:47:48 IST" duration-ms="1258" status="PASS">
          <reporter-output>
          </reporter-output>
        </test-method> <!-- tearDown -->
        <test-method is-config="true" signature="setUp()[pri:0, instance:com.test.TestCases@1aafa419]" started-at="2024-02-06T18:47:48 IST" name="setUp" finished-at="2024-02-06T18:47:57 IST" duration-ms="9586" status="PASS">
          <reporter-output>
          </reporter-output>
        </test-method> <!-- setUp -->
        <test-method signature="testInteractWithForm()[pri:1, instance:com.test.TestCases@1aafa419]" started-at="2024-02-06T18:47:57 IST" name="testInteractWithForm" finished-at="2024-02-06T18:48:06 IST" duration-ms="9055" status="PASS">
          <reporter-output>
          </reporter-output>
        </test-method> <!-- testInteractWithForm -->
        <test-method is-config="true" signature="tearDown()[pri:0, instance:com.test.TestCases@1aafa419]" started-at="2024-02-06T18:48:06 IST" name="tearDown" finished-at="2024-02-06T18:48:07 IST" duration-ms="1022" status="PASS">
          <reporter-output>
          </reporter-output>
        </test-method> <!-- tearDown -->
        <test-method is-config="true" signature="setUp()[pri:0, instance:com.test.TestCases@1aafa419]" started-at="2024-02-06T18:48:07 IST" name="setUp" finished-at="2024-02-06T18:48:11 IST" duration-ms="3688" status="PASS">
          <reporter-output>
          </reporter-output>
        </test-method> <!-- setUp -->
        <test-method signature="DynamicElement()[pri:2, instance:com.test.TestCases@1aafa419]" started-at="2024-02-06T18:48:11 IST" name="DynamicElement" finished-at="2024-02-06T18:48:11 IST" duration-ms="180" status="PASS">
          <reporter-output>
          </reporter-output>
        </test-method> <!-- DynamicElement -->
        <test-method is-config="true" signature="tearDown()[pri:0, instance:com.test.TestCases@1aafa419]" started-at="2024-02-06T18:48:11 IST" name="tearDown" finished-at="2024-02-06T18:48:13 IST" duration-ms="1945" status="PASS">
          <reporter-output>
          </reporter-output>
        </test-method> <!-- tearDown -->
        <test-method is-config="true" signature="setUp()[pri:0, instance:com.test.TestCases@1aafa419]" started-at="2024-02-06T18:48:13 IST" name="setUp" finished-at="2024-02-06T18:48:23 IST" duration-ms="10196" status="PASS">
          <reporter-output>
          </reporter-output>
        </test-method> <!-- setUp -->
        <test-method signature="getAllLinksFromProductPage()[pri:3, instance:com.test.TestCases@1aafa419]" started-at="2024-02-06T18:48:23 IST" name="getAllLinksFromProductPage" finished-at="2024-02-06T18:48:25 IST" duration-ms="1209" status="PASS">
          <reporter-output>
          </reporter-output>
        </test-method> <!-- getAllLinksFromProductPage -->
        <test-method is-config="true" signature="tearDown()[pri:0, instance:com.test.TestCases@1aafa419]" started-at="2024-02-06T18:48:25 IST" name="tearDown" finished-at="2024-02-06T18:48:26 IST" duration-ms="1278" status="PASS">
          <reporter-output>
          </reporter-output>
        </test-method> <!-- tearDown -->
      </class> <!-- com.test.TestCases -->
    </test> <!-- Default test -->
  </suite> <!-- Default suite -->
</testng-results>
